{"C:\\Users\\Andrea Barbaro\\Desktop\\Revix\\server\\src\\index.ts": {"path":"C:\\Users\\Andrea Barbaro\\Desktop\\Revix\\server\\src\\index.ts","statementMap":{"0":{"start":{"line":1,"column":0},"end":{"line":1,"column":27}},"1":{"start":{"line":2,"column":0},"end":{"line":2,"column":null}},"2":{"start":{"line":4,"column":0},"end":{"line":4,"column":29}},"3":{"start":{"line":5,"column":0},"end":{"line":5,"column":23}},"4":{"start":{"line":6,"column":0},"end":{"line":6,"column":38}},"5":{"start":{"line":7,"column":0},"end":{"line":7,"column":37}},"6":{"start":{"line":8,"column":0},"end":{"line":8,"column":45}},"7":{"start":{"line":9,"column":0},"end":{"line":9,"column":47}},"8":{"start":{"line":10,"column":0},"end":{"line":10,"column":39}},"9":{"start":{"line":11,"column":0},"end":{"line":11,"column":42}},"10":{"start":{"line":12,"column":0},"end":{"line":12,"column":55}},"11":{"start":{"line":14,"column":12},"end":{"line":14,"column":21}},"12":{"start":{"line":33,"column":9},"end":{"line":33,"column":12}},"13":{"start":{"line":15,"column":13},"end":{"line":15,"column":37}},"14":{"start":{"line":17,"column":0},"end":{"line":17,"column":null}},"15":{"start":{"line":18,"column":0},"end":{"line":18,"column":null}},"16":{"start":{"line":20,"column":0},"end":{"line":22,"column":null}},"17":{"start":{"line":21,"column":2},"end":{"line":21,"column":null}},"18":{"start":{"line":24,"column":0},"end":{"line":24,"column":null}},"19":{"start":{"line":25,"column":0},"end":{"line":25,"column":null}},"20":{"start":{"line":26,"column":0},"end":{"line":26,"column":null}},"21":{"start":{"line":27,"column":0},"end":{"line":27,"column":null}},"22":{"start":{"line":28,"column":0},"end":{"line":28,"column":null}},"23":{"start":{"line":29,"column":0},"end":{"line":29,"column":null}},"24":{"start":{"line":30,"column":0},"end":{"line":30,"column":null}},"25":{"start":{"line":36,"column":0},"end":{"line":40,"column":1}},"26":{"start":{"line":37,"column":2},"end":{"line":39,"column":null}},"27":{"start":{"line":38,"column":4},"end":{"line":38,"column":null}}},"fnMap":{"0":{"name":"(anonymous_1)","decl":{"start":{"line":20,"column":13},"end":{"line":20,"column":14}},"loc":{"start":{"line":20,"column":26},"end":{"line":22,"column":1}}},"1":{"name":"(anonymous_2)","decl":{"start":{"line":37,"column":19},"end":{"line":37,"column":22}},"loc":{"start":{"line":37,"column":24},"end":{"line":39,"column":3}}}},"branchMap":{"0":{"loc":{"start":{"line":15,"column":13},"end":{"line":15,"column":37}},"type":"binary-expr","locations":[{"start":{"line":15,"column":13},"end":{"line":15,"column":29}},{"start":{"line":15,"column":33},"end":{"line":15,"column":37}}]},"1":{"loc":{"start":{"line":36,"column":0},"end":{"line":40,"column":1}},"type":"if","locations":[{"start":{"line":36,"column":0},"end":{"line":40,"column":1}},{"start":{},"end":{}}]}},"s":{"0":7,"1":7,"2":7,"3":7,"4":7,"5":7,"6":7,"7":7,"8":7,"9":7,"10":7,"11":7,"12":7,"13":7,"14":7,"15":7,"16":7,"17":0,"18":7,"19":7,"20":7,"21":7,"22":7,"23":7,"24":7,"25":7,"26":0,"27":0},"f":{"0":0,"1":0},"b":{"0":[7,0],"1":[0,7]}}
,"C:\\Users\\Andrea Barbaro\\Desktop\\Revix\\server\\src\\middleware\\authMiddleware.ts": {"path":"C:\\Users\\Andrea Barbaro\\Desktop\\Revix\\server\\src\\middleware\\authMiddleware.ts","statementMap":{"0":{"start":{"line":2,"column":0},"end":{"line":2,"column":30}},"1":{"start":{"line":14,"column":30},"end":{"line":45,"column":1}},"2":{"start":{"line":15,"column":21},"end":{"line":15,"column":46}},"3":{"start":{"line":17,"column":2},"end":{"line":20,"column":3}},"4":{"start":{"line":18,"column":4},"end":{"line":18,"column":null}},"5":{"start":{"line":19,"column":4},"end":{"line":19,"column":10}},"6":{"start":{"line":22,"column":16},"end":{"line":22,"column":40}},"7":{"start":{"line":23,"column":17},"end":{"line":23,"column":39}},"8":{"start":{"line":25,"column":2},"end":{"line":28,"column":3}},"9":{"start":{"line":26,"column":4},"end":{"line":26,"column":null}},"10":{"start":{"line":27,"column":4},"end":{"line":27,"column":10}},"11":{"start":{"line":30,"column":2},"end":{"line":44,"column":3}},"12":{"start":{"line":31,"column":21},"end":{"line":31,"column":46}},"13":{"start":{"line":32,"column":21},"end":{"line":32,"column":55}},"14":{"start":{"line":34,"column":4},"end":{"line":37,"column":5}},"15":{"start":{"line":35,"column":6},"end":{"line":35,"column":null}},"16":{"start":{"line":36,"column":6},"end":{"line":36,"column":12}},"17":{"start":{"line":39,"column":4},"end":{"line":39,"column":null}},"18":{"start":{"line":40,"column":4},"end":{"line":40,"column":null}},"19":{"start":{"line":41,"column":4},"end":{"line":41,"column":null}},"20":{"start":{"line":43,"column":4},"end":{"line":43,"column":null}},"21":{"start":{"line":14,"column":13},"end":{"line":14,"column":30}}},"fnMap":{"0":{"name":"(anonymous_1)","decl":{"start":{"line":14,"column":30},"end":{"line":14,"column":31}},"loc":{"start":{"line":14,"column":92},"end":{"line":45,"column":1}}}},"branchMap":{"0":{"loc":{"start":{"line":17,"column":2},"end":{"line":20,"column":3}},"type":"if","locations":[{"start":{"line":17,"column":2},"end":{"line":20,"column":3}},{"start":{},"end":{}}]},"1":{"loc":{"start":{"line":17,"column":6},"end":{"line":17,"column":54}},"type":"binary-expr","locations":[{"start":{"line":17,"column":6},"end":{"line":17,"column":17}},{"start":{"line":17,"column":21},"end":{"line":17,"column":54}}]},"2":{"loc":{"start":{"line":25,"column":2},"end":{"line":28,"column":3}},"type":"if","locations":[{"start":{"line":25,"column":2},"end":{"line":28,"column":3}},{"start":{},"end":{}}]},"3":{"loc":{"start":{"line":34,"column":4},"end":{"line":37,"column":5}},"type":"if","locations":[{"start":{"line":34,"column":4},"end":{"line":37,"column":5}},{"start":{},"end":{}}]},"4":{"loc":{"start":{"line":34,"column":8},"end":{"line":34,"column":97}},"type":"binary-expr","locations":[{"start":{"line":34,"column":8},"end":{"line":34,"column":16}},{"start":{"line":34,"column":20},"end":{"line":34,"column":47}},{"start":{"line":34,"column":51},"end":{"line":34,"column":73}},{"start":{"line":34,"column":77},"end":{"line":34,"column":97}}]}},"s":{"0":7,"1":7,"2":21,"3":21,"4":3,"5":3,"6":18,"7":18,"8":18,"9":0,"10":0,"11":18,"12":18,"13":18,"14":18,"15":0,"16":0,"17":18,"18":18,"19":18,"20":0,"21":7},"f":{"0":21},"b":{"0":[3,18],"1":[21,18],"2":[0,18],"3":[0,18],"4":[18,18,18,18]}}
,"C:\\Users\\Andrea Barbaro\\Desktop\\Revix\\server\\src\\routes\\auth.ts": {"path":"C:\\Users\\Andrea Barbaro\\Desktop\\Revix\\server\\src\\routes\\auth.ts","statementMap":{"0":{"start":{"line":1,"column":0},"end":{"line":1,"column":51}},"1":{"start":{"line":2,"column":0},"end":{"line":2,"column":29}},"2":{"start":{"line":3,"column":0},"end":{"line":3,"column":30}},"3":{"start":{"line":4,"column":0},"end":{"line":4,"column":23}},"4":{"start":{"line":5,"column":0},"end":{"line":5,"column":45}},"5":{"start":{"line":6,"column":0},"end":{"line":6,"column":45}},"6":{"start":{"line":7,"column":0},"end":{"line":7,"column":74}},"7":{"start":{"line":9,"column":15},"end":{"line":9,"column":23}},"8":{"start":{"line":10,"column":16},"end":{"line":10,"column":77}},"9":{"start":{"line":11,"column":15},"end":{"line":11,"column":44}},"10":{"start":{"line":13,"column":23},"end":{"line":22,"column":2}},"11":{"start":{"line":24,"column":20},"end":{"line":27,"column":2}},"12":{"start":{"line":30,"column":0},"end":{"line":74,"column":null}},"13":{"start":{"line":31,"column":17},"end":{"line":31,"column":51}},"14":{"start":{"line":32,"column":2},"end":{"line":35,"column":3}},"15":{"start":{"line":33,"column":4},"end":{"line":33,"column":null}},"16":{"start":{"line":34,"column":4},"end":{"line":34,"column":10}},"17":{"start":{"line":37,"column":94},"end":{"line":37,"column":105}},"18":{"start":{"line":39,"column":2},"end":{"line":73,"column":3}},"19":{"start":{"line":40,"column":21},"end":{"line":42,"column":6}},"20":{"start":{"line":43,"column":4},"end":{"line":46,"column":5}},"21":{"start":{"line":44,"column":6},"end":{"line":44,"column":null}},"22":{"start":{"line":45,"column":6},"end":{"line":45,"column":12}},"23":{"start":{"line":48,"column":26},"end":{"line":48,"column":57}},"24":{"start":{"line":50,"column":17},"end":{"line":61,"column":6}},"25":{"start":{"line":63,"column":18},"end":{"line":66,"column":null}},"26":{"start":{"line":69,"column":4},"end":{"line":69,"column":null}},"27":{"start":{"line":71,"column":6},"end":{"line":71,"column":null}},"28":{"start":{"line":72,"column":6},"end":{"line":72,"column":null}},"29":{"start":{"line":77,"column":0},"end":{"line":110,"column":null}},"30":{"start":{"line":78,"column":17},"end":{"line":78,"column":48}},"31":{"start":{"line":79,"column":2},"end":{"line":82,"column":3}},"32":{"start":{"line":80,"column":4},"end":{"line":80,"column":null}},"33":{"start":{"line":81,"column":4},"end":{"line":81,"column":10}},"34":{"start":{"line":84,"column":30},"end":{"line":84,"column":41}},"35":{"start":{"line":86,"column":2},"end":{"line":109,"column":3}},"36":{"start":{"line":87,"column":17},"end":{"line":87,"column":67}},"37":{"start":{"line":88,"column":4},"end":{"line":91,"column":5}},"38":{"start":{"line":89,"column":6},"end":{"line":89,"column":null}},"39":{"start":{"line":90,"column":6},"end":{"line":90,"column":12}},"40":{"start":{"line":93,"column":18},"end":{"line":93,"column":68}},"41":{"start":{"line":94,"column":4},"end":{"line":97,"column":5}},"42":{"start":{"line":95,"column":6},"end":{"line":95,"column":null}},"43":{"start":{"line":96,"column":6},"end":{"line":96,"column":12}},"44":{"start":{"line":99,"column":18},"end":{"line":102,"column":null}},"45":{"start":{"line":105,"column":4},"end":{"line":105,"column":null}},"46":{"start":{"line":107,"column":6},"end":{"line":107,"column":null}},"47":{"start":{"line":108,"column":6},"end":{"line":108,"column":null}},"48":{"start":{"line":113,"column":0},"end":{"line":130,"column":null}},"49":{"start":{"line":114,"column":2},"end":{"line":129,"column":3}},"50":{"start":{"line":115,"column":17},"end":{"line":120,"column":6}},"51":{"start":{"line":121,"column":4},"end":{"line":124,"column":5}},"52":{"start":{"line":122,"column":6},"end":{"line":122,"column":null}},"53":{"start":{"line":123,"column":6},"end":{"line":123,"column":12}},"54":{"start":{"line":125,"column":4},"end":{"line":125,"column":null}},"55":{"start":{"line":127,"column":6},"end":{"line":127,"column":null}},"56":{"start":{"line":128,"column":6},"end":{"line":128,"column":null}},"57":{"start":{"line":132,"column":0},"end":{"line":132,"column":null}}},"fnMap":{"0":{"name":"(anonymous_1)","decl":{"start":{"line":30,"column":25},"end":{"line":30,"column":30}},"loc":{"start":{"line":30,"column":78},"end":{"line":74,"column":1}}},"1":{"name":"(anonymous_2)","decl":{"start":{"line":77,"column":22},"end":{"line":77,"column":27}},"loc":{"start":{"line":77,"column":75},"end":{"line":110,"column":1}}},"2":{"name":"(anonymous_3)","decl":{"start":{"line":113,"column":34},"end":{"line":113,"column":39}},"loc":{"start":{"line":113,"column":91},"end":{"line":130,"column":1}}}},"branchMap":{"0":{"loc":{"start":{"line":32,"column":2},"end":{"line":35,"column":3}},"type":"if","locations":[{"start":{"line":32,"column":2},"end":{"line":35,"column":3}},{"start":{},"end":{}}]},"1":{"loc":{"start":{"line":43,"column":4},"end":{"line":46,"column":5}},"type":"if","locations":[{"start":{"line":43,"column":4},"end":{"line":46,"column":5}},{"start":{},"end":{}}]},"2":{"loc":{"start":{"line":56,"column":27},"end":{"line":56,"column":46}},"type":"binary-expr","locations":[{"start":{"line":56,"column":27},"end":{"line":56,"column":38}},{"start":{"line":56,"column":42},"end":{"line":56,"column":46}}]},"3":{"loc":{"start":{"line":57,"column":30},"end":{"line":57,"column":52}},"type":"binary-expr","locations":[{"start":{"line":57,"column":30},"end":{"line":57,"column":44}},{"start":{"line":57,"column":48},"end":{"line":57,"column":52}}]},"4":{"loc":{"start":{"line":58,"column":24},"end":{"line":58,"column":40}},"type":"binary-expr","locations":[{"start":{"line":58,"column":24},"end":{"line":58,"column":32}},{"start":{"line":58,"column":36},"end":{"line":58,"column":40}}]},"5":{"loc":{"start":{"line":59,"column":23},"end":{"line":59,"column":38}},"type":"binary-expr","locations":[{"start":{"line":59,"column":23},"end":{"line":59,"column":30}},{"start":{"line":59,"column":34},"end":{"line":59,"column":38}}]},"6":{"loc":{"start":{"line":79,"column":2},"end":{"line":82,"column":3}},"type":"if","locations":[{"start":{"line":79,"column":2},"end":{"line":82,"column":3}},{"start":{},"end":{}}]},"7":{"loc":{"start":{"line":88,"column":4},"end":{"line":91,"column":5}},"type":"if","locations":[{"start":{"line":88,"column":4},"end":{"line":91,"column":5}},{"start":{},"end":{}}]},"8":{"loc":{"start":{"line":94,"column":4},"end":{"line":97,"column":5}},"type":"if","locations":[{"start":{"line":94,"column":4},"end":{"line":97,"column":5}},{"start":{},"end":{}}]},"9":{"loc":{"start":{"line":121,"column":4},"end":{"line":124,"column":5}},"type":"if","locations":[{"start":{"line":121,"column":4},"end":{"line":124,"column":5}},{"start":{},"end":{}}]}},"s":{"0":7,"1":7,"2":7,"3":7,"4":7,"5":7,"6":7,"7":7,"8":7,"9":7,"10":7,"11":7,"12":7,"13":3,"14":3,"15":1,"16":1,"17":2,"18":2,"19":2,"20":2,"21":1,"22":1,"23":1,"24":1,"25":1,"26":1,"27":0,"28":0,"29":7,"30":2,"31":2,"32":0,"33":0,"34":2,"35":2,"36":2,"37":2,"38":0,"39":0,"40":2,"41":2,"42":1,"43":1,"44":1,"45":1,"46":0,"47":0,"48":7,"49":1,"50":1,"51":1,"52":0,"53":0,"54":1,"55":0,"56":0,"57":7},"f":{"0":3,"1":2,"2":1},"b":{"0":[1,2],"1":[1,1],"2":[1,1],"3":[1,1],"4":[1,1],"5":[1,1],"6":[0,2],"7":[0,2],"8":[1,1],"9":[0,1]}}
,"C:\\Users\\Andrea Barbaro\\Desktop\\Revix\\server\\src\\routes\\cars.ts": {"path":"C:\\Users\\Andrea Barbaro\\Desktop\\Revix\\server\\src\\routes\\cars.ts","statementMap":{"0":{"start":{"line":1,"column":0},"end":{"line":1,"column":51}},"1":{"start":{"line":2,"column":0},"end":{"line":2,"column":45}},"2":{"start":{"line":3,"column":0},"end":{"line":3,"column":45}},"3":{"start":{"line":5,"column":15},"end":{"line":5,"column":23}},"4":{"start":{"line":6,"column":16},"end":{"line":6,"column":77}},"5":{"start":{"line":7,"column":15},"end":{"line":7,"column":44}},"6":{"start":{"line":10,"column":0},"end":{"line":33,"column":null}},"7":{"start":{"line":11,"column":33},"end":{"line":11,"column":42}},"8":{"start":{"line":13,"column":2},"end":{"line":32,"column":3}},"9":{"start":{"line":14,"column":17},"end":{"line":27,"column":6}},"10":{"start":{"line":28,"column":4},"end":{"line":28,"column":null}},"11":{"start":{"line":30,"column":4},"end":{"line":30,"column":null}},"12":{"start":{"line":31,"column":4},"end":{"line":31,"column":null}},"13":{"start":{"line":36,"column":0},"end":{"line":55,"column":null}},"14":{"start":{"line":37,"column":2},"end":{"line":54,"column":3}},"15":{"start":{"line":38,"column":16},"end":{"line":45,"column":6}},"16":{"start":{"line":46,"column":4},"end":{"line":49,"column":5}},"17":{"start":{"line":47,"column":6},"end":{"line":47,"column":null}},"18":{"start":{"line":48,"column":6},"end":{"line":48,"column":12}},"19":{"start":{"line":50,"column":4},"end":{"line":50,"column":null}},"20":{"start":{"line":52,"column":4},"end":{"line":52,"column":null}},"21":{"start":{"line":53,"column":4},"end":{"line":53,"column":null}},"22":{"start":{"line":58,"column":0},"end":{"line":87,"column":null}},"23":{"start":{"line":59,"column":17},"end":{"line":59,"column":55}},"24":{"start":{"line":61,"column":2},"end":{"line":86,"column":3}},"25":{"start":{"line":62,"column":21},"end":{"line":71,"column":6}},"26":{"start":{"line":73,"column":19},"end":{"line":77,"column":7}},"27":{"start":{"line":73,"column":38},"end":{"line":77,"column":6}},"28":{"start":{"line":79,"column":21},"end":{"line":79,"column":54}},"29":{"start":{"line":79,"column":40},"end":{"line":79,"column":53}},"30":{"start":{"line":80,"column":20},"end":{"line":80,"column":54}},"31":{"start":{"line":80,"column":39},"end":{"line":80,"column":53}},"32":{"start":{"line":82,"column":4},"end":{"line":82,"column":null}},"33":{"start":{"line":84,"column":4},"end":{"line":84,"column":null}},"34":{"start":{"line":85,"column":4},"end":{"line":85,"column":null}},"35":{"start":{"line":89,"column":0},"end":{"line":89,"column":null}}},"fnMap":{"0":{"name":"(anonymous_0)","decl":{"start":{"line":10,"column":16},"end":{"line":10,"column":21}},"loc":{"start":{"line":10,"column":69},"end":{"line":33,"column":1}}},"1":{"name":"(anonymous_1)","decl":{"start":{"line":36,"column":19},"end":{"line":36,"column":24}},"loc":{"start":{"line":36,"column":72},"end":{"line":55,"column":1}}},"2":{"name":"(anonymous_2)","decl":{"start":{"line":58,"column":28},"end":{"line":58,"column":33}},"loc":{"start":{"line":58,"column":81},"end":{"line":87,"column":1}}},"3":{"name":"(anonymous_3)","decl":{"start":{"line":73,"column":32},"end":{"line":73,"column":33}},"loc":{"start":{"line":73,"column":38},"end":{"line":77,"column":6}}},"4":{"name":"(anonymous_4)","decl":{"start":{"line":79,"column":35},"end":{"line":79,"column":36}},"loc":{"start":{"line":79,"column":40},"end":{"line":79,"column":53}}},"5":{"name":"(anonymous_5)","decl":{"start":{"line":80,"column":34},"end":{"line":80,"column":35}},"loc":{"start":{"line":80,"column":39},"end":{"line":80,"column":53}}}},"branchMap":{"0":{"loc":{"start":{"line":16,"column":12},"end":{"line":16,"column":82}},"type":"binary-expr","locations":[{"start":{"line":16,"column":12},"end":{"line":16,"column":17}},{"start":{"line":16,"column":21},"end":{"line":16,"column":82}}]},"1":{"loc":{"start":{"line":17,"column":12},"end":{"line":17,"column":82}},"type":"binary-expr","locations":[{"start":{"line":17,"column":12},"end":{"line":17,"column":17}},{"start":{"line":17,"column":21},"end":{"line":17,"column":82}}]},"2":{"loc":{"start":{"line":18,"column":12},"end":{"line":24,"column":10}},"type":"binary-expr","locations":[{"start":{"line":18,"column":12},"end":{"line":18,"column":16}},{"start":{"line":18,"column":20},"end":{"line":24,"column":10}}]},"3":{"loc":{"start":{"line":46,"column":4},"end":{"line":49,"column":5}},"type":"if","locations":[{"start":{"line":46,"column":4},"end":{"line":49,"column":5}},{"start":{},"end":{}}]},"4":{"loc":{"start":{"line":67,"column":18},"end":{"line":69,"column":17}},"type":"cond-expr","locations":[{"start":{"line":68,"column":12},"end":{"line":68,"column":69}},{"start":{"line":69,"column":12},"end":{"line":69,"column":17}}]},"5":{"loc":{"start":{"line":75,"column":21},"end":{"line":75,"column":59}},"type":"cond-expr","locations":[{"start":{"line":75,"column":30},"end":{"line":75,"column":51}},{"start":{"line":75,"column":54},"end":{"line":75,"column":59}}]}},"s":{"0":7,"1":7,"2":7,"3":7,"4":7,"5":7,"6":7,"7":2,"8":2,"9":2,"10":2,"11":0,"12":0,"13":7,"14":2,"15":2,"16":2,"17":1,"18":1,"19":1,"20":0,"21":0,"22":7,"23":1,"24":1,"25":1,"26":1,"27":2,"28":1,"29":2,"30":1,"31":2,"32":1,"33":0,"34":0,"35":7},"f":{"0":2,"1":2,"2":1,"3":2,"4":2,"5":2},"b":{"0":[2,1],"1":[2,0],"2":[2,0],"3":[1,1],"4":[0,1],"5":[0,2]}}
,"C:\\Users\\Andrea Barbaro\\Desktop\\Revix\\server\\src\\routes\\notifications.ts": {"path":"C:\\Users\\Andrea Barbaro\\Desktop\\Revix\\server\\src\\routes\\notifications.ts","statementMap":{"0":{"start":{"line":1,"column":0},"end":{"line":1,"column":42}},"1":{"start":{"line":2,"column":0},"end":{"line":2,"column":45}},"2":{"start":{"line":3,"column":0},"end":{"line":3,"column":45}},"3":{"start":{"line":4,"column":0},"end":{"line":4,"column":74}},"4":{"start":{"line":6,"column":15},"end":{"line":6,"column":23}},"5":{"start":{"line":7,"column":16},"end":{"line":7,"column":77}},"6":{"start":{"line":8,"column":15},"end":{"line":8,"column":44}},"7":{"start":{"line":11,"column":0},"end":{"line":27,"column":null}},"8":{"start":{"line":12,"column":2},"end":{"line":26,"column":3}},"9":{"start":{"line":13,"column":26},"end":{"line":21,"column":6}},"10":{"start":{"line":22,"column":4},"end":{"line":22,"column":null}},"11":{"start":{"line":24,"column":4},"end":{"line":24,"column":null}},"12":{"start":{"line":25,"column":4},"end":{"line":25,"column":null}},"13":{"start":{"line":30,"column":0},"end":{"line":41,"column":null}},"14":{"start":{"line":31,"column":2},"end":{"line":40,"column":3}},"15":{"start":{"line":32,"column":4},"end":{"line":35,"column":null}},"16":{"start":{"line":36,"column":4},"end":{"line":36,"column":null}},"17":{"start":{"line":38,"column":4},"end":{"line":38,"column":null}},"18":{"start":{"line":39,"column":4},"end":{"line":39,"column":null}},"19":{"start":{"line":43,"column":0},"end":{"line":43,"column":null}}},"fnMap":{"0":{"name":"(anonymous_0)","decl":{"start":{"line":11,"column":32},"end":{"line":11,"column":37}},"loc":{"start":{"line":11,"column":89},"end":{"line":27,"column":1}}},"1":{"name":"(anonymous_1)","decl":{"start":{"line":30,"column":42},"end":{"line":30,"column":47}},"loc":{"start":{"line":30,"column":99},"end":{"line":41,"column":1}}}},"branchMap":{},"s":{"0":7,"1":7,"2":7,"3":7,"4":7,"5":7,"6":7,"7":7,"8":1,"9":1,"10":1,"11":0,"12":0,"13":7,"14":1,"15":1,"16":1,"17":0,"18":0,"19":7},"f":{"0":1,"1":1},"b":{}}
,"C:\\Users\\Andrea Barbaro\\Desktop\\Revix\\server\\src\\routes\\problems.ts": {"path":"C:\\Users\\Andrea Barbaro\\Desktop\\Revix\\server\\src\\routes\\problems.ts","statementMap":{"0":{"start":{"line":1,"column":0},"end":{"line":1,"column":51}},"1":{"start":{"line":2,"column":0},"end":{"line":2,"column":23}},"2":{"start":{"line":3,"column":0},"end":{"line":3,"column":45}},"3":{"start":{"line":4,"column":0},"end":{"line":4,"column":45}},"4":{"start":{"line":5,"column":0},"end":{"line":5,"column":74}},"5":{"start":{"line":7,"column":15},"end":{"line":7,"column":23}},"6":{"start":{"line":8,"column":16},"end":{"line":8,"column":77}},"7":{"start":{"line":9,"column":15},"end":{"line":9,"column":44}},"8":{"start":{"line":11,"column":22},"end":{"line":16,"column":2}},"9":{"start":{"line":19,"column":0},"end":{"line":53,"column":null}},"10":{"start":{"line":20,"column":17},"end":{"line":20,"column":50}},"11":{"start":{"line":21,"column":2},"end":{"line":24,"column":3}},"12":{"start":{"line":22,"column":4},"end":{"line":22,"column":null}},"13":{"start":{"line":23,"column":4},"end":{"line":23,"column":10}},"14":{"start":{"line":26,"column":51},"end":{"line":26,"column":62}},"15":{"start":{"line":28,"column":2},"end":{"line":52,"column":3}},"16":{"start":{"line":29,"column":16},"end":{"line":29,"column":70}},"17":{"start":{"line":30,"column":4},"end":{"line":33,"column":5}},"18":{"start":{"line":31,"column":6},"end":{"line":31,"column":null}},"19":{"start":{"line":32,"column":6},"end":{"line":32,"column":12}},"20":{"start":{"line":35,"column":20},"end":{"line":46,"column":6}},"21":{"start":{"line":48,"column":4},"end":{"line":48,"column":null}},"22":{"start":{"line":50,"column":4},"end":{"line":50,"column":null}},"23":{"start":{"line":51,"column":4},"end":{"line":51,"column":null}},"24":{"start":{"line":56,"column":0},"end":{"line":71,"column":null}},"25":{"start":{"line":57,"column":2},"end":{"line":70,"column":3}},"26":{"start":{"line":58,"column":21},"end":{"line":65,"column":6}},"27":{"start":{"line":66,"column":4},"end":{"line":66,"column":null}},"28":{"start":{"line":68,"column":4},"end":{"line":68,"column":null}},"29":{"start":{"line":69,"column":4},"end":{"line":69,"column":null}},"30":{"start":{"line":74,"column":0},"end":{"line":137,"column":null}},"31":{"start":{"line":75,"column":20},"end":{"line":75,"column":41}},"32":{"start":{"line":76,"column":17},"end":{"line":76,"column":28}},"33":{"start":{"line":78,"column":2},"end":{"line":136,"column":3}},"34":{"start":{"line":79,"column":20},"end":{"line":79,"column":81}},"35":{"start":{"line":80,"column":4},"end":{"line":83,"column":5}},"36":{"start":{"line":81,"column":6},"end":{"line":81,"column":null}},"37":{"start":{"line":82,"column":6},"end":{"line":82,"column":12}},"38":{"start":{"line":86,"column":4},"end":{"line":89,"column":5}},"39":{"start":{"line":87,"column":6},"end":{"line":87,"column":null}},"40":{"start":{"line":88,"column":6},"end":{"line":88,"column":12}},"41":{"start":{"line":91,"column":21},"end":{"line":93,"column":6}},"42":{"start":{"line":94,"column":4},"end":{"line":97,"column":5}},"43":{"start":{"line":95,"column":6},"end":{"line":95,"column":null}},"44":{"start":{"line":96,"column":6},"end":{"line":96,"column":12}},"45":{"start":{"line":99,"column":22},"end":{"line":102,"column":6}},"46":{"start":{"line":104,"column":27},"end":{"line":130,"column":6}},"47":{"start":{"line":105,"column":6},"end":{"line":107,"column":null}},"48":{"start":{"line":109,"column":23},"end":{"line":109,"column":48}},"49":{"start":{"line":111,"column":22},"end":{"line":117,"column":8}},"50":{"start":{"line":120,"column":6},"end":{"line":127,"column":null}},"51":{"start":{"line":129,"column":6},"end":{"line":129,"column":null}},"52":{"start":{"line":132,"column":4},"end":{"line":132,"column":null}},"53":{"start":{"line":134,"column":4},"end":{"line":134,"column":null}},"54":{"start":{"line":135,"column":4},"end":{"line":135,"column":null}},"55":{"start":{"line":140,"column":0},"end":{"line":180,"column":null}},"56":{"start":{"line":141,"column":20},"end":{"line":141,"column":41}},"57":{"start":{"line":142,"column":17},"end":{"line":142,"column":28}},"58":{"start":{"line":144,"column":2},"end":{"line":179,"column":3}},"59":{"start":{"line":145,"column":21},"end":{"line":147,"column":6}},"60":{"start":{"line":148,"column":4},"end":{"line":151,"column":5}},"61":{"start":{"line":149,"column":6},"end":{"line":149,"column":null}},"62":{"start":{"line":150,"column":6},"end":{"line":150,"column":12}},"63":{"start":{"line":153,"column":20},"end":{"line":153,"column":81}},"64":{"start":{"line":154,"column":4},"end":{"line":157,"column":5}},"65":{"start":{"line":155,"column":6},"end":{"line":155,"column":null}},"66":{"start":{"line":156,"column":6},"end":{"line":156,"column":12}},"67":{"start":{"line":159,"column":27},"end":{"line":173,"column":6}},"68":{"start":{"line":160,"column":6},"end":{"line":162,"column":null}},"69":{"start":{"line":164,"column":23},"end":{"line":164,"column":61}},"70":{"start":{"line":166,"column":6},"end":{"line":172,"column":null}},"71":{"start":{"line":175,"column":4},"end":{"line":175,"column":null}},"72":{"start":{"line":177,"column":4},"end":{"line":177,"column":null}},"73":{"start":{"line":178,"column":4},"end":{"line":178,"column":null}},"74":{"start":{"line":182,"column":0},"end":{"line":182,"column":null}}},"fnMap":{"0":{"name":"(anonymous_0)","decl":{"start":{"line":19,"column":33},"end":{"line":19,"column":38}},"loc":{"start":{"line":19,"column":90},"end":{"line":53,"column":1}}},"1":{"name":"(anonymous_1)","decl":{"start":{"line":56,"column":22},"end":{"line":56,"column":27}},"loc":{"start":{"line":56,"column":75},"end":{"line":71,"column":1}}},"2":{"name":"(anonymous_2)","decl":{"start":{"line":74,"column":44},"end":{"line":74,"column":49}},"loc":{"start":{"line":74,"column":101},"end":{"line":137,"column":1}}},"3":{"name":"(anonymous_3)","decl":{"start":{"line":104,"column":53},"end":{"line":104,"column":58}},"loc":{"start":{"line":104,"column":66},"end":{"line":130,"column":5}}},"4":{"name":"(anonymous_4)","decl":{"start":{"line":140,"column":46},"end":{"line":140,"column":51}},"loc":{"start":{"line":140,"column":103},"end":{"line":180,"column":1}}},"5":{"name":"(anonymous_5)","decl":{"start":{"line":159,"column":53},"end":{"line":159,"column":58}},"loc":{"start":{"line":159,"column":66},"end":{"line":173,"column":5}}}},"branchMap":{"0":{"loc":{"start":{"line":21,"column":2},"end":{"line":24,"column":3}},"type":"if","locations":[{"start":{"line":21,"column":2},"end":{"line":24,"column":3}},{"start":{},"end":{}}]},"1":{"loc":{"start":{"line":30,"column":4},"end":{"line":33,"column":5}},"type":"if","locations":[{"start":{"line":30,"column":4},"end":{"line":33,"column":5}},{"start":{},"end":{}}]},"2":{"loc":{"start":{"line":80,"column":4},"end":{"line":83,"column":5}},"type":"if","locations":[{"start":{"line":80,"column":4},"end":{"line":83,"column":5}},{"start":{},"end":{}}]},"3":{"loc":{"start":{"line":86,"column":4},"end":{"line":89,"column":5}},"type":"if","locations":[{"start":{"line":86,"column":4},"end":{"line":89,"column":5}},{"start":{},"end":{}}]},"4":{"loc":{"start":{"line":94,"column":4},"end":{"line":97,"column":5}},"type":"if","locations":[{"start":{"line":94,"column":4},"end":{"line":97,"column":5}},{"start":{},"end":{}}]},"5":{"loc":{"start":{"line":125,"column":22},"end":{"line":125,"column":56}},"type":"binary-expr","locations":[{"start":{"line":125,"column":22},"end":{"line":125,"column":41}},{"start":{"line":125,"column":45},"end":{"line":125,"column":56}}]},"6":{"loc":{"start":{"line":148,"column":4},"end":{"line":151,"column":5}},"type":"if","locations":[{"start":{"line":148,"column":4},"end":{"line":151,"column":5}},{"start":{},"end":{}}]},"7":{"loc":{"start":{"line":154,"column":4},"end":{"line":157,"column":5}},"type":"if","locations":[{"start":{"line":154,"column":4},"end":{"line":157,"column":5}},{"start":{},"end":{}}]}},"s":{"0":7,"1":7,"2":7,"3":7,"4":7,"5":7,"6":7,"7":7,"8":7,"9":7,"10":2,"11":2,"12":1,"13":1,"14":1,"15":1,"16":1,"17":1,"18":0,"19":0,"20":1,"21":1,"22":0,"23":0,"24":7,"25":1,"26":1,"27":1,"28":0,"29":0,"30":7,"31":4,"32":4,"33":4,"34":4,"35":4,"36":0,"37":0,"38":4,"39":1,"40":1,"41":3,"42":3,"43":1,"44":1,"45":2,"46":2,"47":2,"48":2,"49":2,"50":2,"51":2,"52":2,"53":0,"54":0,"55":7,"56":1,"57":1,"58":1,"59":1,"60":1,"61":0,"62":0,"63":1,"64":1,"65":0,"66":0,"67":1,"68":1,"69":1,"70":1,"71":1,"72":0,"73":0,"74":7},"f":{"0":2,"1":1,"2":4,"3":2,"4":1,"5":1},"b":{"0":[1,1],"1":[0,1],"2":[0,4],"3":[1,3],"4":[1,2],"5":[2,0],"6":[0,1],"7":[0,1]}}
,"C:\\Users\\Andrea Barbaro\\Desktop\\Revix\\server\\src\\routes\\search.ts": {"path":"C:\\Users\\Andrea Barbaro\\Desktop\\Revix\\server\\src\\routes\\search.ts","statementMap":{"0":{"start":{"line":1,"column":0},"end":{"line":1,"column":51}},"1":{"start":{"line":2,"column":0},"end":{"line":2,"column":45}},"2":{"start":{"line":3,"column":0},"end":{"line":3,"column":45}},"3":{"start":{"line":5,"column":15},"end":{"line":5,"column":23}},"4":{"start":{"line":8,"column":18},"end":{"line":8,"column":79}},"5":{"start":{"line":9,"column":2},"end":{"line":9,"column":null}},"6":{"start":{"line":13,"column":0},"end":{"line":58,"column":null}},"7":{"start":{"line":14,"column":13},"end":{"line":14,"column":43}},"8":{"start":{"line":16,"column":2},"end":{"line":19,"column":3}},"9":{"start":{"line":17,"column":4},"end":{"line":17,"column":null}},"10":{"start":{"line":18,"column":4},"end":{"line":18,"column":10}},"11":{"start":{"line":21,"column":17},"end":{"line":21,"column":28}},"12":{"start":{"line":23,"column":2},"end":{"line":57,"column":3}},"13":{"start":{"line":24,"column":29},"end":{"line":49,"column":6}},"14":{"start":{"line":51,"column":4},"end":{"line":51,"column":null}},"15":{"start":{"line":53,"column":4},"end":{"line":53,"column":null}},"16":{"start":{"line":54,"column":4},"end":{"line":54,"column":null}},"17":{"start":{"line":56,"column":4},"end":{"line":56,"column":null}},"18":{"start":{"line":60,"column":0},"end":{"line":60,"column":null}}},"fnMap":{"0":{"name":"getClient","decl":{"start":{"line":7,"column":9},"end":{"line":7,"column":18}},"loc":{"start":{"line":7,"column":18},"end":{"line":10,"column":1}}},"1":{"name":"(anonymous_1)","decl":{"start":{"line":13,"column":16},"end":{"line":13,"column":21}},"loc":{"start":{"line":13,"column":69},"end":{"line":58,"column":1}}}},"branchMap":{"0":{"loc":{"start":{"line":16,"column":2},"end":{"line":19,"column":3}},"type":"if","locations":[{"start":{"line":16,"column":2},"end":{"line":19,"column":3}},{"start":{},"end":{}}]},"1":{"loc":{"start":{"line":16,"column":6},"end":{"line":16,"column":24}},"type":"binary-expr","locations":[{"start":{"line":16,"column":6},"end":{"line":16,"column":8}},{"start":{"line":16,"column":12},"end":{"line":16,"column":24}}]}},"s":{"0":7,"1":7,"2":7,"3":7,"4":3,"5":3,"6":7,"7":5,"8":5,"9":2,"10":2,"11":3,"12":3,"13":3,"14":3,"15":0,"16":0,"17":3,"18":7},"f":{"0":3,"1":5},"b":{"0":[2,3],"1":[5,4]}}
,"C:\\Users\\Andrea Barbaro\\Desktop\\Revix\\server\\src\\routes\\solutions.ts": {"path":"C:\\Users\\Andrea Barbaro\\Desktop\\Revix\\server\\src\\routes\\solutions.ts","statementMap":{"0":{"start":{"line":1,"column":0},"end":{"line":1,"column":42}},"1":{"start":{"line":2,"column":0},"end":{"line":2,"column":23}},"2":{"start":{"line":3,"column":0},"end":{"line":3,"column":45}},"3":{"start":{"line":4,"column":0},"end":{"line":4,"column":45}},"4":{"start":{"line":5,"column":0},"end":{"line":5,"column":74}},"5":{"start":{"line":7,"column":15},"end":{"line":7,"column":23}},"6":{"start":{"line":8,"column":16},"end":{"line":8,"column":77}},"7":{"start":{"line":9,"column":15},"end":{"line":9,"column":44}},"8":{"start":{"line":11,"column":23},"end":{"line":15,"column":2}},"9":{"start":{"line":18,"column":0},"end":{"line":47,"column":null}},"10":{"start":{"line":19,"column":33},"end":{"line":19,"column":42}},"11":{"start":{"line":20,"column":2},"end":{"line":23,"column":3}},"12":{"start":{"line":21,"column":4},"end":{"line":21,"column":null}},"13":{"start":{"line":22,"column":4},"end":{"line":22,"column":10}},"14":{"start":{"line":24,"column":2},"end":{"line":46,"column":3}},"15":{"start":{"line":25,"column":22},"end":{"line":34,"column":6}},"16":{"start":{"line":36,"column":19},"end":{"line":40,"column":7}},"17":{"start":{"line":36,"column":39},"end":{"line":40,"column":6}},"18":{"start":{"line":42,"column":4},"end":{"line":42,"column":null}},"19":{"start":{"line":44,"column":4},"end":{"line":44,"column":null}},"20":{"start":{"line":45,"column":4},"end":{"line":45,"column":null}},"21":{"start":{"line":50,"column":0},"end":{"line":83,"column":null}},"22":{"start":{"line":51,"column":17},"end":{"line":51,"column":51}},"23":{"start":{"line":52,"column":2},"end":{"line":55,"column":3}},"24":{"start":{"line":53,"column":4},"end":{"line":53,"column":null}},"25":{"start":{"line":54,"column":4},"end":{"line":54,"column":10}},"26":{"start":{"line":57,"column":41},"end":{"line":57,"column":52}},"27":{"start":{"line":59,"column":2},"end":{"line":82,"column":3}},"28":{"start":{"line":60,"column":20},"end":{"line":60,"column":82}},"29":{"start":{"line":61,"column":4},"end":{"line":64,"column":5}},"30":{"start":{"line":62,"column":6},"end":{"line":62,"column":null}},"31":{"start":{"line":63,"column":6},"end":{"line":63,"column":12}},"32":{"start":{"line":66,"column":21},"end":{"line":76,"column":6}},"33":{"start":{"line":78,"column":4},"end":{"line":78,"column":null}},"34":{"start":{"line":80,"column":4},"end":{"line":80,"column":null}},"35":{"start":{"line":81,"column":4},"end":{"line":81,"column":null}},"36":{"start":{"line":86,"column":0},"end":{"line":118,"column":null}},"37":{"start":{"line":87,"column":21},"end":{"line":87,"column":42}},"38":{"start":{"line":88,"column":17},"end":{"line":88,"column":28}},"39":{"start":{"line":90,"column":2},"end":{"line":117,"column":3}},"40":{"start":{"line":91,"column":21},"end":{"line":91,"column":84}},"41":{"start":{"line":92,"column":4},"end":{"line":95,"column":5}},"42":{"start":{"line":93,"column":6},"end":{"line":93,"column":null}},"43":{"start":{"line":94,"column":6},"end":{"line":94,"column":12}},"44":{"start":{"line":97,"column":21},"end":{"line":99,"column":6}},"45":{"start":{"line":100,"column":4},"end":{"line":103,"column":5}},"46":{"start":{"line":101,"column":6},"end":{"line":101,"column":null}},"47":{"start":{"line":102,"column":6},"end":{"line":102,"column":12}},"48":{"start":{"line":105,"column":20},"end":{"line":111,"column":6}},"49":{"start":{"line":106,"column":6},"end":{"line":106,"column":null}},"50":{"start":{"line":107,"column":6},"end":{"line":110,"column":null}},"51":{"start":{"line":113,"column":4},"end":{"line":113,"column":null}},"52":{"start":{"line":115,"column":4},"end":{"line":115,"column":null}},"53":{"start":{"line":116,"column":4},"end":{"line":116,"column":null}},"54":{"start":{"line":121,"column":0},"end":{"line":155,"column":null}},"55":{"start":{"line":122,"column":21},"end":{"line":122,"column":42}},"56":{"start":{"line":123,"column":17},"end":{"line":123,"column":28}},"57":{"start":{"line":125,"column":2},"end":{"line":154,"column":3}},"58":{"start":{"line":126,"column":21},"end":{"line":126,"column":84}},"59":{"start":{"line":127,"column":4},"end":{"line":130,"column":5}},"60":{"start":{"line":128,"column":6},"end":{"line":128,"column":null}},"61":{"start":{"line":129,"column":6},"end":{"line":129,"column":12}},"62":{"start":{"line":132,"column":21},"end":{"line":134,"column":6}},"63":{"start":{"line":135,"column":4},"end":{"line":138,"column":5}},"64":{"start":{"line":136,"column":6},"end":{"line":136,"column":null}},"65":{"start":{"line":137,"column":6},"end":{"line":137,"column":12}},"66":{"start":{"line":140,"column":20},"end":{"line":148,"column":6}},"67":{"start":{"line":141,"column":6},"end":{"line":143,"column":null}},"68":{"start":{"line":144,"column":6},"end":{"line":147,"column":null}},"69":{"start":{"line":150,"column":4},"end":{"line":150,"column":null}},"70":{"start":{"line":152,"column":4},"end":{"line":152,"column":null}},"71":{"start":{"line":153,"column":4},"end":{"line":153,"column":null}},"72":{"start":{"line":157,"column":0},"end":{"line":157,"column":null}}},"fnMap":{"0":{"name":"(anonymous_0)","decl":{"start":{"line":18,"column":16},"end":{"line":18,"column":21}},"loc":{"start":{"line":18,"column":73},"end":{"line":47,"column":1}}},"1":{"name":"(anonymous_1)","decl":{"start":{"line":36,"column":33},"end":{"line":36,"column":34}},"loc":{"start":{"line":36,"column":39},"end":{"line":40,"column":6}}},"2":{"name":"(anonymous_2)","decl":{"start":{"line":50,"column":33},"end":{"line":50,"column":38}},"loc":{"start":{"line":50,"column":90},"end":{"line":83,"column":1}}},"3":{"name":"(anonymous_3)","decl":{"start":{"line":86,"column":41},"end":{"line":86,"column":46}},"loc":{"start":{"line":86,"column":98},"end":{"line":118,"column":1}}},"4":{"name":"(anonymous_4)","decl":{"start":{"line":105,"column":46},"end":{"line":105,"column":51}},"loc":{"start":{"line":105,"column":59},"end":{"line":111,"column":5}}},"5":{"name":"(anonymous_5)","decl":{"start":{"line":121,"column":43},"end":{"line":121,"column":48}},"loc":{"start":{"line":121,"column":100},"end":{"line":155,"column":1}}},"6":{"name":"(anonymous_6)","decl":{"start":{"line":140,"column":46},"end":{"line":140,"column":51}},"loc":{"start":{"line":140,"column":59},"end":{"line":148,"column":5}}}},"branchMap":{"0":{"loc":{"start":{"line":20,"column":2},"end":{"line":23,"column":3}},"type":"if","locations":[{"start":{"line":20,"column":2},"end":{"line":23,"column":3}},{"start":{},"end":{}}]},"1":{"loc":{"start":{"line":30,"column":15},"end":{"line":32,"column":17}},"type":"cond-expr","locations":[{"start":{"line":31,"column":12},"end":{"line":31,"column":77}},{"start":{"line":32,"column":12},"end":{"line":32,"column":17}}]},"2":{"loc":{"start":{"line":38,"column":17},"end":{"line":38,"column":52}},"type":"cond-expr","locations":[{"start":{"line":38,"column":26},"end":{"line":38,"column":44}},{"start":{"line":38,"column":47},"end":{"line":38,"column":52}}]},"3":{"loc":{"start":{"line":52,"column":2},"end":{"line":55,"column":3}},"type":"if","locations":[{"start":{"line":52,"column":2},"end":{"line":55,"column":3}},{"start":{},"end":{}}]},"4":{"loc":{"start":{"line":61,"column":4},"end":{"line":64,"column":5}},"type":"if","locations":[{"start":{"line":61,"column":4},"end":{"line":64,"column":5}},{"start":{},"end":{}}]},"5":{"loc":{"start":{"line":71,"column":18},"end":{"line":71,"column":34}},"type":"binary-expr","locations":[{"start":{"line":71,"column":18},"end":{"line":71,"column":26}},{"start":{"line":71,"column":30},"end":{"line":71,"column":34}}]},"6":{"loc":{"start":{"line":92,"column":4},"end":{"line":95,"column":5}},"type":"if","locations":[{"start":{"line":92,"column":4},"end":{"line":95,"column":5}},{"start":{},"end":{}}]},"7":{"loc":{"start":{"line":100,"column":4},"end":{"line":103,"column":5}},"type":"if","locations":[{"start":{"line":100,"column":4},"end":{"line":103,"column":5}},{"start":{},"end":{}}]},"8":{"loc":{"start":{"line":127,"column":4},"end":{"line":130,"column":5}},"type":"if","locations":[{"start":{"line":127,"column":4},"end":{"line":130,"column":5}},{"start":{},"end":{}}]},"9":{"loc":{"start":{"line":135,"column":4},"end":{"line":138,"column":5}},"type":"if","locations":[{"start":{"line":135,"column":4},"end":{"line":138,"column":5}},{"start":{},"end":{}}]}},"s":{"0":7,"1":7,"2":7,"3":7,"4":7,"5":7,"6":7,"7":7,"8":7,"9":7,"10":2,"11":2,"12":1,"13":1,"14":1,"15":1,"16":1,"17":1,"18":1,"19":0,"20":0,"21":7,"22":2,"23":2,"24":0,"25":0,"26":2,"27":2,"28":2,"29":2,"30":0,"31":0,"32":2,"33":2,"34":0,"35":0,"36":7,"37":2,"38":2,"39":2,"40":2,"41":2,"42":0,"43":0,"44":2,"45":2,"46":1,"47":1,"48":1,"49":1,"50":1,"51":1,"52":0,"53":0,"54":7,"55":1,"56":1,"57":1,"58":1,"59":1,"60":0,"61":0,"62":1,"63":1,"64":0,"65":0,"66":1,"67":1,"68":1,"69":1,"70":0,"71":0,"72":7},"f":{"0":2,"1":1,"2":2,"3":2,"4":1,"5":1,"6":1},"b":{"0":[1,1],"1":[0,1],"2":[0,1],"3":[0,2],"4":[0,2],"5":[2,1],"6":[0,2],"7":[1,1],"8":[0,1],"9":[0,1]}}
,"C:\\Users\\Andrea Barbaro\\Desktop\\Revix\\server\\src\\routes\\users.ts": {"path":"C:\\Users\\Andrea Barbaro\\Desktop\\Revix\\server\\src\\routes\\users.ts","statementMap":{"0":{"start":{"line":1,"column":0},"end":{"line":1,"column":42}},"1":{"start":{"line":2,"column":0},"end":{"line":2,"column":23}},"2":{"start":{"line":3,"column":0},"end":{"line":3,"column":45}},"3":{"start":{"line":4,"column":0},"end":{"line":4,"column":45}},"4":{"start":{"line":5,"column":0},"end":{"line":5,"column":74}},"5":{"start":{"line":7,"column":15},"end":{"line":7,"column":23}},"6":{"start":{"line":8,"column":16},"end":{"line":8,"column":77}},"7":{"start":{"line":9,"column":15},"end":{"line":9,"column":44}},"8":{"start":{"line":12,"column":0},"end":{"line":45,"column":null}},"9":{"start":{"line":13,"column":2},"end":{"line":44,"column":3}},"10":{"start":{"line":14,"column":17},"end":{"line":24,"column":6}},"11":{"start":{"line":26,"column":4},"end":{"line":29,"column":5}},"12":{"start":{"line":27,"column":6},"end":{"line":27,"column":null}},"13":{"start":{"line":28,"column":6},"end":{"line":28,"column":12}},"14":{"start":{"line":32,"column":26},"end":{"line":35,"column":6}},"15":{"start":{"line":37,"column":4},"end":{"line":40,"column":null}},"16":{"start":{"line":42,"column":4},"end":{"line":42,"column":null}},"17":{"start":{"line":43,"column":4},"end":{"line":43,"column":null}},"18":{"start":{"line":48,"column":21},"end":{"line":54,"column":2}},"19":{"start":{"line":56,"column":0},"end":{"line":116,"column":null}},"20":{"start":{"line":57,"column":17},"end":{"line":57,"column":49}},"21":{"start":{"line":58,"column":2},"end":{"line":61,"column":3}},"22":{"start":{"line":59,"column":4},"end":{"line":59,"column":null}},"23":{"start":{"line":60,"column":4},"end":{"line":60,"column":10}},"24":{"start":{"line":63,"column":66},"end":{"line":63,"column":77}},"25":{"start":{"line":65,"column":2},"end":{"line":115,"column":3}},"26":{"start":{"line":66,"column":17},"end":{"line":80,"column":6}},"27":{"start":{"line":83,"column":4},"end":{"line":109,"column":5}},"28":{"start":{"line":84,"column":28},"end":{"line":84,"column":92}},"29":{"start":{"line":85,"column":28},"end":{"line":88,"column":8}},"30":{"start":{"line":89,"column":25},"end":{"line":92,"column":8}},"31":{"start":{"line":94,"column":32},"end":{"line":96,"column":11}},"32":{"start":{"line":99,"column":8},"end":{"line":103,"column":31}},"33":{"start":{"line":105,"column":6},"end":{"line":108,"column":null}},"34":{"start":{"line":111,"column":4},"end":{"line":111,"column":null}},"35":{"start":{"line":113,"column":4},"end":{"line":113,"column":null}},"36":{"start":{"line":114,"column":4},"end":{"line":114,"column":null}},"37":{"start":{"line":118,"column":0},"end":{"line":118,"column":null}}},"fnMap":{"0":{"name":"(anonymous_0)","decl":{"start":{"line":12,"column":19},"end":{"line":12,"column":24}},"loc":{"start":{"line":12,"column":76},"end":{"line":45,"column":1}}},"1":{"name":"(anonymous_1)","decl":{"start":{"line":56,"column":34},"end":{"line":56,"column":39}},"loc":{"start":{"line":56,"column":91},"end":{"line":116,"column":1}}}},"branchMap":{"0":{"loc":{"start":{"line":26,"column":4},"end":{"line":29,"column":5}},"type":"if","locations":[{"start":{"line":26,"column":4},"end":{"line":29,"column":5}},{"start":{},"end":{}}]},"1":{"loc":{"start":{"line":39,"column":22},"end":{"line":39,"column":58}},"type":"binary-expr","locations":[{"start":{"line":39,"column":22},"end":{"line":39,"column":53}},{"start":{"line":39,"column":57},"end":{"line":39,"column":58}}]},"2":{"loc":{"start":{"line":58,"column":2},"end":{"line":61,"column":3}},"type":"if","locations":[{"start":{"line":58,"column":2},"end":{"line":61,"column":3}},{"start":{},"end":{}}]},"3":{"loc":{"start":{"line":69,"column":13},"end":{"line":69,"column":29}},"type":"binary-expr","locations":[{"start":{"line":69,"column":13},"end":{"line":69,"column":16}},{"start":{"line":69,"column":20},"end":{"line":69,"column":29}}]},"4":{"loc":{"start":{"line":70,"column":21},"end":{"line":70,"column":45}},"type":"binary-expr","locations":[{"start":{"line":70,"column":21},"end":{"line":70,"column":32}},{"start":{"line":70,"column":36},"end":{"line":70,"column":45}}]},"5":{"loc":{"start":{"line":71,"column":24},"end":{"line":71,"column":51}},"type":"binary-expr","locations":[{"start":{"line":71,"column":24},"end":{"line":71,"column":38}},{"start":{"line":71,"column":42},"end":{"line":71,"column":51}}]},"6":{"loc":{"start":{"line":72,"column":18},"end":{"line":72,"column":34}},"type":"binary-expr","locations":[{"start":{"line":72,"column":18},"end":{"line":72,"column":26}},{"start":{"line":72,"column":30},"end":{"line":72,"column":34}}]},"7":{"loc":{"start":{"line":73,"column":17},"end":{"line":73,"column":32}},"type":"binary-expr","locations":[{"start":{"line":73,"column":17},"end":{"line":73,"column":24}},{"start":{"line":73,"column":28},"end":{"line":73,"column":32}}]},"8":{"loc":{"start":{"line":83,"column":4},"end":{"line":109,"column":5}},"type":"if","locations":[{"start":{"line":83,"column":4},"end":{"line":109,"column":5}},{"start":{},"end":{}}]},"9":{"loc":{"start":{"line":94,"column":32},"end":{"line":96,"column":11}},"type":"cond-expr","locations":[{"start":{"line":95,"column":10},"end":{"line":95,"column":92}},{"start":{"line":96,"column":10},"end":{"line":96,"column":11}}]},"10":{"loc":{"start":{"line":99,"column":8},"end":{"line":103,"column":31}},"type":"binary-expr","locations":[{"start":{"line":99,"column":8},"end":{"line":99,"column":26}},{"start":{"line":100,"column":8},"end":{"line":100,"column":29}},{"start":{"line":101,"column":8},"end":{"line":101,"column":27}},{"start":{"line":102,"column":8},"end":{"line":102,"column":51}},{"start":{"line":103,"column":8},"end":{"line":103,"column":31}}]},"11":{"loc":{"start":{"line":102,"column":9},"end":{"line":102,"column":44}},"type":"binary-expr","locations":[{"start":{"line":102,"column":9},"end":{"line":102,"column":39}},{"start":{"line":102,"column":43},"end":{"line":102,"column":44}}]}},"s":{"0":7,"1":7,"2":7,"3":7,"4":7,"5":7,"6":7,"7":7,"8":7,"9":2,"10":2,"11":2,"12":1,"13":1,"14":1,"15":1,"16":0,"17":0,"18":7,"19":7,"20":3,"21":3,"22":0,"23":0,"24":3,"25":3,"26":3,"27":3,"28":2,"29":2,"30":2,"31":2,"32":2,"33":2,"34":3,"35":0,"36":0,"37":7},"f":{"0":2,"1":3},"b":{"0":[1,1],"1":[1,0],"2":[0,3],"3":[3,2],"4":[3,1],"5":[3,2],"6":[3,3],"7":[3,3],"8":[2,1],"9":[2,0],"10":[2,2,1,1,1],"11":[1,0]}}
}
