TN:
SF:src\index.ts
FN:20,(anonymous_1)
FN:37,(anonymous_2)
FNF:2
FNH:0
FNDA:0,(anonymous_1)
FNDA:0,(anonymous_2)
DA:1,7
DA:2,7
DA:4,7
DA:5,7
DA:6,7
DA:7,7
DA:8,7
DA:9,7
DA:10,7
DA:11,7
DA:12,7
DA:14,7
DA:15,7
DA:17,7
DA:18,7
DA:20,7
DA:21,0
DA:24,7
DA:25,7
DA:26,7
DA:27,7
DA:28,7
DA:29,7
DA:30,7
DA:33,7
DA:36,7
DA:37,0
DA:38,0
LF:28
LH:25
BRDA:15,0,0,7
BRDA:15,0,1,0
BRDA:36,1,0,0
BRDA:36,1,1,7
BRF:4
BRH:2
end_of_record
TN:
SF:src\middleware\authMiddleware.ts
FN:14,(anonymous_1)
FNF:1
FNH:1
FNDA:21,(anonymous_1)
DA:2,7
DA:14,7
DA:15,21
DA:17,21
DA:18,3
DA:19,3
DA:22,18
DA:23,18
DA:25,18
DA:26,0
DA:27,0
DA:30,18
DA:31,18
DA:32,18
DA:34,18
DA:35,0
DA:36,0
DA:39,18
DA:40,18
DA:41,18
DA:43,0
LF:21
LH:16
BRDA:17,0,0,3
BRDA:17,0,1,18
BRDA:17,1,0,21
BRDA:17,1,1,18
BRDA:25,2,0,0
BRDA:25,2,1,18
BRDA:34,3,0,0
BRDA:34,3,1,18
BRDA:34,4,0,18
BRDA:34,4,1,18
BRDA:34,4,2,18
BRDA:34,4,3,18
BRF:12
BRH:10
end_of_record
TN:
SF:src\routes\auth.ts
FN:30,(anonymous_1)
FN:77,(anonymous_2)
FN:113,(anonymous_3)
FNF:3
FNH:3
FNDA:3,(anonymous_1)
FNDA:2,(anonymous_2)
FNDA:1,(anonymous_3)
DA:1,7
DA:2,7
DA:3,7
DA:4,7
DA:5,7
DA:6,7
DA:7,7
DA:9,7
DA:10,7
DA:11,7
DA:13,7
DA:24,7
DA:30,7
DA:31,3
DA:32,3
DA:33,1
DA:34,1
DA:37,2
DA:39,2
DA:40,2
DA:43,2
DA:44,1
DA:45,1
DA:48,1
DA:50,1
DA:63,1
DA:69,1
DA:71,0
DA:72,0
DA:77,7
DA:78,2
DA:79,2
DA:80,0
DA:81,0
DA:84,2
DA:86,2
DA:87,2
DA:88,2
DA:89,0
DA:90,0
DA:93,2
DA:94,2
DA:95,1
DA:96,1
DA:99,1
DA:105,1
DA:107,0
DA:108,0
DA:113,7
DA:114,1
DA:115,1
DA:121,1
DA:122,0
DA:123,0
DA:125,1
DA:127,0
DA:128,0
DA:132,7
LF:58
LH:46
BRDA:32,0,0,1
BRDA:32,0,1,2
BRDA:43,1,0,1
BRDA:43,1,1,1
BRDA:56,2,0,1
BRDA:56,2,1,1
BRDA:57,3,0,1
BRDA:57,3,1,1
BRDA:58,4,0,1
BRDA:58,4,1,1
BRDA:59,5,0,1
BRDA:59,5,1,1
BRDA:79,6,0,0
BRDA:79,6,1,2
BRDA:88,7,0,0
BRDA:88,7,1,2
BRDA:94,8,0,1
BRDA:94,8,1,1
BRDA:121,9,0,0
BRDA:121,9,1,1
BRF:20
BRH:17
end_of_record
TN:
SF:src\routes\cars.ts
FN:10,(anonymous_0)
FN:36,(anonymous_1)
FN:58,(anonymous_2)
FN:73,(anonymous_3)
FN:79,(anonymous_4)
FN:80,(anonymous_5)
FNF:6
FNH:6
FNDA:2,(anonymous_0)
FNDA:2,(anonymous_1)
FNDA:1,(anonymous_2)
FNDA:2,(anonymous_3)
FNDA:2,(anonymous_4)
FNDA:2,(anonymous_5)
DA:1,7
DA:2,7
DA:3,7
DA:5,7
DA:6,7
DA:7,7
DA:10,7
DA:11,2
DA:13,2
DA:14,2
DA:28,2
DA:30,0
DA:31,0
DA:36,7
DA:37,2
DA:38,2
DA:46,2
DA:47,1
DA:48,1
DA:50,1
DA:52,0
DA:53,0
DA:58,7
DA:59,1
DA:61,1
DA:62,1
DA:73,2
DA:79,2
DA:80,2
DA:82,1
DA:84,0
DA:85,0
DA:89,7
LF:33
LH:27
BRDA:16,0,0,2
BRDA:16,0,1,1
BRDA:17,1,0,2
BRDA:17,1,1,0
BRDA:18,2,0,2
BRDA:18,2,1,0
BRDA:46,3,0,1
BRDA:46,3,1,1
BRDA:67,4,0,0
BRDA:67,4,1,1
BRDA:75,5,0,0
BRDA:75,5,1,2
BRF:12
BRH:8
end_of_record
TN:
SF:src\routes\notifications.ts
FN:11,(anonymous_0)
FN:30,(anonymous_1)
FNF:2
FNH:2
FNDA:1,(anonymous_0)
FNDA:1,(anonymous_1)
DA:1,7
DA:2,7
DA:3,7
DA:4,7
DA:6,7
DA:7,7
DA:8,7
DA:11,7
DA:12,1
DA:13,1
DA:22,1
DA:24,0
DA:25,0
DA:30,7
DA:31,1
DA:32,1
DA:36,1
DA:38,0
DA:39,0
DA:43,7
LF:20
LH:16
BRF:0
BRH:0
end_of_record
TN:
SF:src\routes\problems.ts
FN:19,(anonymous_0)
FN:56,(anonymous_1)
FN:74,(anonymous_2)
FN:104,(anonymous_3)
FN:140,(anonymous_4)
FN:159,(anonymous_5)
FNF:6
FNH:6
FNDA:2,(anonymous_0)
FNDA:1,(anonymous_1)
FNDA:4,(anonymous_2)
FNDA:2,(anonymous_3)
FNDA:1,(anonymous_4)
FNDA:1,(anonymous_5)
DA:1,7
DA:2,7
DA:3,7
DA:4,7
DA:5,7
DA:7,7
DA:8,7
DA:9,7
DA:11,7
DA:19,7
DA:20,2
DA:21,2
DA:22,1
DA:23,1
DA:26,1
DA:28,1
DA:29,1
DA:30,1
DA:31,0
DA:32,0
DA:35,1
DA:48,1
DA:50,0
DA:51,0
DA:56,7
DA:57,1
DA:58,1
DA:66,1
DA:68,0
DA:69,0
DA:74,7
DA:75,4
DA:76,4
DA:78,4
DA:79,4
DA:80,4
DA:81,0
DA:82,0
DA:86,4
DA:87,1
DA:88,1
DA:91,3
DA:94,3
DA:95,1
DA:96,1
DA:99,2
DA:104,2
DA:105,2
DA:109,2
DA:111,2
DA:120,2
DA:129,2
DA:132,2
DA:134,0
DA:135,0
DA:140,7
DA:141,1
DA:142,1
DA:144,1
DA:145,1
DA:148,1
DA:149,0
DA:150,0
DA:153,1
DA:154,1
DA:155,0
DA:156,0
DA:159,1
DA:160,1
DA:164,1
DA:166,1
DA:175,1
DA:177,0
DA:178,0
DA:182,7
LF:75
LH:59
BRDA:21,0,0,1
BRDA:21,0,1,1
BRDA:30,1,0,0
BRDA:30,1,1,1
BRDA:80,2,0,0
BRDA:80,2,1,4
BRDA:86,3,0,1
BRDA:86,3,1,3
BRDA:94,4,0,1
BRDA:94,4,1,2
BRDA:125,5,0,2
BRDA:125,5,1,0
BRDA:148,6,0,0
BRDA:148,6,1,1
BRDA:154,7,0,0
BRDA:154,7,1,1
BRF:16
BRH:11
end_of_record
TN:
SF:src\routes\search.ts
FN:7,getClient
FN:13,(anonymous_1)
FNF:2
FNH:2
FNDA:3,getClient
FNDA:5,(anonymous_1)
DA:1,7
DA:2,7
DA:3,7
DA:5,7
DA:8,3
DA:9,3
DA:13,7
DA:14,5
DA:16,5
DA:17,2
DA:18,2
DA:21,3
DA:23,3
DA:24,3
DA:51,3
DA:53,0
DA:54,0
DA:56,3
DA:60,7
LF:19
LH:17
BRDA:16,0,0,2
BRDA:16,0,1,3
BRDA:16,1,0,5
BRDA:16,1,1,4
BRF:4
BRH:4
end_of_record
TN:
SF:src\routes\solutions.ts
FN:18,(anonymous_0)
FN:36,(anonymous_1)
FN:50,(anonymous_2)
FN:86,(anonymous_3)
FN:105,(anonymous_4)
FN:121,(anonymous_5)
FN:140,(anonymous_6)
FNF:7
FNH:7
FNDA:2,(anonymous_0)
FNDA:1,(anonymous_1)
FNDA:2,(anonymous_2)
FNDA:2,(anonymous_3)
FNDA:1,(anonymous_4)
FNDA:1,(anonymous_5)
FNDA:1,(anonymous_6)
DA:1,7
DA:2,7
DA:3,7
DA:4,7
DA:5,7
DA:7,7
DA:8,7
DA:9,7
DA:11,7
DA:18,7
DA:19,2
DA:20,2
DA:21,1
DA:22,1
DA:24,1
DA:25,1
DA:36,1
DA:42,1
DA:44,0
DA:45,0
DA:50,7
DA:51,2
DA:52,2
DA:53,0
DA:54,0
DA:57,2
DA:59,2
DA:60,2
DA:61,2
DA:62,0
DA:63,0
DA:66,2
DA:78,2
DA:80,0
DA:81,0
DA:86,7
DA:87,2
DA:88,2
DA:90,2
DA:91,2
DA:92,2
DA:93,0
DA:94,0
DA:97,2
DA:100,2
DA:101,1
DA:102,1
DA:105,1
DA:106,1
DA:107,1
DA:113,1
DA:115,0
DA:116,0
DA:121,7
DA:122,1
DA:123,1
DA:125,1
DA:126,1
DA:127,1
DA:128,0
DA:129,0
DA:132,1
DA:135,1
DA:136,0
DA:137,0
DA:140,1
DA:141,1
DA:144,1
DA:150,1
DA:152,0
DA:153,0
DA:157,7
LF:72
LH:54
BRDA:20,0,0,1
BRDA:20,0,1,1
BRDA:30,1,0,0
BRDA:30,1,1,1
BRDA:38,2,0,0
BRDA:38,2,1,1
BRDA:52,3,0,0
BRDA:52,3,1,2
BRDA:61,4,0,0
BRDA:61,4,1,2
BRDA:71,5,0,2
BRDA:71,5,1,1
BRDA:92,6,0,0
BRDA:92,6,1,2
BRDA:100,7,0,1
BRDA:100,7,1,1
BRDA:127,8,0,0
BRDA:127,8,1,1
BRDA:135,9,0,0
BRDA:135,9,1,1
BRF:20
BRH:13
end_of_record
TN:
SF:src\routes\users.ts
FN:12,(anonymous_0)
FN:56,(anonymous_1)
FNF:2
FNH:2
FNDA:2,(anonymous_0)
FNDA:3,(anonymous_1)
DA:1,7
DA:2,7
DA:3,7
DA:4,7
DA:5,7
DA:7,7
DA:8,7
DA:9,7
DA:12,7
DA:13,2
DA:14,2
DA:26,2
DA:27,1
DA:28,1
DA:32,1
DA:37,1
DA:42,0
DA:43,0
DA:48,7
DA:56,7
DA:57,3
DA:58,3
DA:59,0
DA:60,0
DA:63,3
DA:65,3
DA:66,3
DA:83,3
DA:84,2
DA:85,2
DA:89,2
DA:94,2
DA:99,2
DA:105,2
DA:111,3
DA:113,0
DA:114,0
DA:118,7
LF:38
LH:32
BRDA:26,0,0,1
BRDA:26,0,1,1
BRDA:39,1,0,1
BRDA:39,1,1,0
BRDA:58,2,0,0
BRDA:58,2,1,3
BRDA:69,3,0,3
BRDA:69,3,1,2
BRDA:70,4,0,3
BRDA:70,4,1,1
BRDA:71,5,0,3
BRDA:71,5,1,2
BRDA:72,6,0,3
BRDA:72,6,1,3
BRDA:73,7,0,3
BRDA:73,7,1,3
BRDA:83,8,0,2
BRDA:83,8,1,1
BRDA:94,9,0,2
BRDA:94,9,1,0
BRDA:99,10,0,2
BRDA:99,10,1,2
BRDA:99,10,2,1
BRDA:99,10,3,1
BRDA:99,10,4,1
BRDA:102,11,0,1
BRDA:102,11,1,0
BRF:27
BRH:23
end_of_record
